Arguments: 
  C:\Program Files\nodejs\node.exe C:\Users\Achref\AppData\Roaming\npm\node_modules\yarn\bin\yarn.js add bootstrap @popperjs/core

PATH: 
  C:\Program Files (x86)\Common Files\Oracle\Java\javapath;C:\Program Files\Python311\Scripts\;C:\Program Files\Python311\;C:\Program Files\Common Files\Oracle\Java\javapath;C:\oraclexe\app\oracle\product\11.2.0\server\bin;C:\Windows\system32;C:\Windows;C:\Windows\System32\Wbem;C:\Windows\System32\WindowsPowerShell\v1.0\;C:\Windows\System32\OpenSSH\;C:\Program Files\Microsoft SQL Server\150\Tools\Binn\;C:\Program Files\Microsoft SQL Server\Client SDK\ODBC\170\Tools\Binn\;C:\Program Files\dotnet\;C:\Program Files\Docker\Docker\resources\bin;C:\Program Files\MongoDB\Server\6.0\bin;C:\mongosh-1.10.0\bin;C:\HashiCorp\Vagrant\bin;C:\Program Files\Git\cmd;C:\Program Files\Common Files\Autodesk Shared\;C:\Program Files\NVIDIA Corporation\NVIDIA NvDLISR;C:\Program Files (x86)\NVIDIA Corporation\PhysX\Common;C:\Users\Achref\AppData\Roaming\nvm;C:\Program Files\nodejs;C:\src\flutter\bin;C:\xampp\php;C:\ProgramData\ComposerSetup\bin;C:\Users\Achref\scoop\shims;C:\Users\Achref\AppData\Local\Microsoft\WindowsApps;C:\Users\Achref\AppData\Local\Programs\Microsoft VS Code\bin;C:\Users\Achref\.dotnet\tools;C:\Users\Achref\Documents\FlutterDev\flutter\bin;C:\Program Files\Python311;C:\Users\Achref\AppData\Roaming\Python\Python311\site-packages;C:\Program Files\JetBrains\IntelliJ IDEA 2023.2.2\bin;;C:\Users\Achref\AppData\Local\GitHubDesktop\bin;C:\Users\Achref\AppData\Roaming\npm;C:\Users\Achref\AppData\Roaming\nvm;C:\Program Files\nodejs;C:\src\flutter\bin;C:\xampp\php;C:\Users\Achref\AppData\Roaming\Composer\vendor\bin

Yarn version: 
  1.22.19

Node version: 
  20.10.0

Platform: 
  win32 x64

Trace: 
  Error: https://registry.yarnpkg.com/bootstrap: tunneling socket could not be established, cause=getaddrinfo ENOTFOUND proxy.example.com
      at ClientRequest.onError (C:\Users\Achref\AppData\Roaming\npm\node_modules\yarn\lib\cli.js:152376:17)
      at Object.onceWrapper (node:events:629:26)
      at ClientRequest.emit (node:events:514:28)
      at Socket.socketErrorListener (node:_http_client:495:9)
      at Socket.emit (node:events:514:28)
      at emitErrorNT (node:internal/streams/destroy:151:8)
      at emitErrorCloseNT (node:internal/streams/destroy:116:3)
      at process.processTicksAndRejections (node:internal/process/task_queues:82:21)

npm manifest: 
  No manifest

yarn manifest: 
  No manifest

Lockfile: 
  No lockfile
